Mono path[0] = '/home/spencer/games/clone-hero/clonehero_Data/Managed'
Mono config path = '/home/spencer/games/clone-hero/clonehero_Data/MonoBleedingEdge/etc'
Preloaded 'NativeNamedPipe.so'
Preloaded 'libNativeFilePicker.so'
Preloaded 'libRtMidi.so'
Preloaded 'libbass.so'
Preloaded 'libbass_fx.so'
Preloaded 'libbassmix.so'
Preloaded 'libbassopus.so'
Preloaded 'libslimage.so'
Display 0 'G27FC A 27"': 1920x1080 (primary device).
Display 1 'VG248 24"': 1920x1080 (secondary device).
Desktop is 1920 x 1080 @ 165 Hz
Initialize engine version: 2021.3.14f1 (eee1884e7226)
[Subsystems] Discovering subsystems at path /home/spencer/games/clone-hero/clonehero_Data/UnitySubsystems
GfxDevice: creating device client; threaded=1; jobified=0
Renderer: AMD Radeon RX 6700 (radeonsi, navi22, LLVM 19.1.7, DRM 3.61, 6.14.2-zen1-1-zen)
Vendor:   AMD
Version:  4.6 (Core Profile) Mesa 25.0.3-arch1.1
GLES:     0
 GL_AMD_conservative_depth GL_AMD_depth_clamp_separate GL_AMD_draw_buffers_blend GL_AMD_framebuffer_multisample_advanced GL_AMD_gpu_shader_int64 GL_AMD_multi_draw_indirect GL_AMD_performance_monitor GL_AMD_pinned_memory GL_AMD_query_buffer_object GL_AMD_seamless_cubemap_per_texture GL_AMD_shader_stencil_export GL_AMD_shader_trinary_minmax GL_AMD_texture_texture4 GL_AMD_vertex_shader_layer GL_AMD_vertex_shader_viewport_index GL_ANGLE_texture_compression_dxt3 GL_ANGLE_texture_compression_dxt5 GL_ARB_ES2_compatibility GL_ARB_ES3_1_compatibility GL_ARB_ES3_2_compatibility GL_ARB_ES3_compatibility GL_ARB_arrays_of_arrays GL_ARB_base_instance GL_ARB_bindless_texture GL_ARB_blend_func_extended GL_ARB_buffer_storage GL_ARB_clear_buffer_object GL_ARB_clear_texture GL_ARB_clip_control GL_ARB_color_buffer_float GL_ARB_compressed_texture_pixel_storage GL_ARB_compute_shader GL_ARB_compute_variable_group_size GL_ARB_conditional_render_inverted GL_ARB_conservative_depth GL_ARB_copy_buffer GL_ARB_copy_image GL_ARB_cull_dist
ance GL_ARB_debug_output GL_ARB_depth_buffer_float GL_ARB_depth_clamp GL_ARB_derivative_control GL_ARB_direct_state_access GL_ARB_draw_buffers GL_ARB_draw_buffers_blend GL_ARB_draw_elements_base_vertex GL_ARB_draw_indirect GL_ARB_draw_instanced GL_ARB_enhanced_layouts GL_ARB_explicit_attrib_location GL_ARB_explicit_uniform_location GL_ARB_fragment_coord_conventions GL_ARB_fragment_layer_viewport GL_ARB_fragment_shader GL_ARB_framebuffer_no_attachments GL_ARB_framebuffer_object GL_ARB_framebuffer_sRGB GL_ARB_get_program_binary GL_ARB_get_texture_sub_image GL_ARB_gl_spirv GL_ARB_gpu_shader5 GL_ARB_gpu_shader_fp64 GL_ARB_gpu_shader_int64 GL_ARB_half_float_pixel GL_ARB_half_float_vertex GL_ARB_indirect_parameters GL_ARB_instanced_arrays GL_ARB_internalformat_query GL_ARB_internalformat_query2 GL_ARB_invalidate_subdata GL_ARB_map_buffer_alignment GL_ARB_map_buffer_range GL_ARB_multi_bind GL_ARB_multi_draw_indirect GL_ARB_occlusion_query2 GL_ARB_parallel_shader_compile GL_ARB_pipeline_statistics_query GL_ARB_pixel
_buffer_object GL_ARB_point_sprite GL_ARB_polygon_offset_clamp GL_ARB_post_depth_coverage GL_ARB_program_interface_query GL_ARB_provoking_vertex GL_ARB_query_buffer_object GL_ARB_robust_buffer_access_behavior GL_ARB_robustness GL_ARB_sample_shading GL_ARB_sampler_objects GL_ARB_seamless_cube_map GL_ARB_seamless_cubemap_per_texture GL_ARB_separate_shader_objects GL_ARB_shader_atomic_counter_ops GL_ARB_shader_atomic_counters GL_ARB_shader_ballot GL_ARB_shader_bit_encoding GL_ARB_shader_clock GL_ARB_shader_draw_parameters GL_ARB_shader_group_vote GL_ARB_shader_image_load_store GL_ARB_shader_image_size GL_ARB_shader_objects GL_ARB_shader_precision GL_ARB_shader_stencil_export GL_ARB_shader_storage_buffer_object GL_ARB_shader_subroutine GL_ARB_shader_texture_image_samples GL_ARB_shader_texture_lod GL_ARB_shader_viewport_layer_array GL_ARB_shading_language_420pack GL_ARB_shading_language_include GL_ARB_shading_language_packing GL_ARB_sparse_buffer GL_ARB_sparse_texture GL_ARB_sparse_texture2 GL_ARB_sparse_texture_
clamp GL_ARB_spirv_extensions GL_ARB_stencil_texturing GL_ARB_sync GL_ARB_tessellation_shader GL_ARB_texture_barrier GL_ARB_texture_border_clamp GL_ARB_texture_buffer_object GL_ARB_texture_buffer_object_rgb32 GL_ARB_texture_buffer_range GL_ARB_texture_compression_bptc GL_ARB_texture_compression_rgtc GL_ARB_texture_cube_map_array GL_ARB_texture_filter_anisotropic GL_ARB_texture_filter_minmax GL_ARB_texture_float GL_ARB_texture_gather GL_ARB_texture_mirror_clamp_to_edge GL_ARB_texture_multisample GL_ARB_texture_non_power_of_two GL_ARB_texture_query_levels GL_ARB_texture_query_lod GL_ARB_texture_rectangle GL_ARB_texture_rg GL_ARB_texture_rgb10_a2ui GL_ARB_texture_stencil8 GL_ARB_texture_storage GL_ARB_texture_storage_multisample GL_ARB_texture_swizzle GL_ARB_texture_view GL_ARB_timer_query GL_ARB_transform_feedback2 GL_ARB_transform_feedback3 GL_ARB_transform_feedback_instanced GL_ARB_transform_feedback_overflow_query GL_ARB_uniform_buffer_object GL_ARB_vertex_array_bgra GL_ARB_vertex_array_object GL_ARB_vertex
_attrib_64bit GL_ARB_vertex_attrib_binding GL_ARB_vertex_buffer_object GL_ARB_vertex_shader GL_ARB_vertex_type_10f_11f_11f_rev GL_ARB_vertex_type_2_10_10_10_rev GL_ARB_viewport_array GL_ATI_blend_equation_separate GL_ATI_meminfo GL_ATI_texture_float GL_ATI_texture_mirror_once GL_EXT_EGL_image_storage GL_EXT_EGL_image_storage_compression GL_EXT_EGL_sync GL_EXT_abgr GL_EXT_blend_equation_separate GL_EXT_debug_label GL_EXT_demote_to_helper_invocation GL_EXT_depth_bounds_test GL_EXT_draw_buffers2 GL_EXT_draw_instanced GL_EXT_framebuffer_blit GL_EXT_framebuffer_multisample GL_EXT_framebuffer_multisample_blit_scaled GL_EXT_framebuffer_object GL_EXT_framebuffer_sRGB GL_EXT_memory_object GL_EXT_memory_object_fd GL_EXT_packed_depth_stencil GL_EXT_packed_float GL_EXT_pixel_buffer_object GL_EXT_polygon_offset_clamp GL_EXT_provoking_vertex GL_EXT_semaphore GL_EXT_semaphore_fd GL_EXT_shader_image_load_formatted GL_EXT_shader_image_load_store GL_EXT_shader_integer_mix GL_EXT_shader_samples_identical GL_EXT_texture_array G
L_EXT_texture_compression_dxt1 GL_EXT_texture_compression_rgtc GL_EXT_texture_compression_s3tc GL_EXT_texture_filter_anisotropic GL_EXT_texture_filter_minmax GL_EXT_texture_integer GL_EXT_texture_mirror_clamp GL_EXT_texture_sRGB GL_EXT_texture_sRGB_R8 GL_EXT_texture_sRGB_RG8 GL_EXT_texture_sRGB_decode GL_EXT_texture_shadow_lod GL_EXT_texture_shared_exponent GL_EXT_texture_snorm GL_EXT_texture_storage GL_EXT_texture_swizzle GL_EXT_timer_query GL_EXT_transform_feedback GL_EXT_vertex_array_bgra GL_EXT_vertex_attrib_64bit GL_EXT_window_rectangles GL_IBM_multimode_draw_arrays GL_INTEL_blackhole_render GL_KHR_blend_equation_advanced GL_KHR_context_flush_control GL_KHR_debug GL_KHR_no_error GL_KHR_parallel_shader_compile GL_KHR_robust_buffer_access_behavior GL_KHR_robustness GL_KHR_shader_subgroup GL_KHR_texture_compression_astc_ldr GL_KHR_texture_compression_astc_sliced_3d GL_MESA_framebuffer_flip_y GL_MESA_pack_invert GL_MESA_shader_integer_functions GL_MESA_texture_const_bandwidth GL_MESA_texture_signed_rgba GL_
NVX_gpu_memory_info GL_NV_alpha_to_coverage_dither_control GL_NV_compute_shader_derivatives GL_NV_conditional_render GL_NV_copy_image GL_NV_depth_clamp GL_NV_packed_depth_stencil GL_NV_shader_atomic_int64 GL_NV_texture_barrier GL_NV_vdpau_interop GL_OES_EGL_image GL_S3_s3tc
OPENGL LOG: Creating OpenGL 4.6 graphics device ; Context level  <OpenGL 4.5> ; Context handle 893114288
Begin MonoManager ReloadAssembly
- Completed reload, in  0.045 seconds
FastLogger: Activated
Default vsync count 0
requesting resize 1920 x 1080
Using native desktop resolution 1920 x 1080
requesting fullscreen 1920 x 1080 at 0 Hz
Desktop is 1920 x 1080 @ 165 Hz
UnloadTime: 0.319210 ms
Setting up services
Log ID: -1884748640
Logged into USG
PlayerID: rxsKCR7YaVy1AkV4GKgc2jikpJJw
Remote config ready!
Unloading 6 Unused Serialized files (Serialized files now loaded: 0)
UnloadTime: 3.685241 ms
Fallback handler could not load library /home/spencer/games/clone-hero/clonehero_Data/MonoBleedingEdge/x86_64/libsteam_api
Fallback handler could not load library /home/spencer/games/clone-hero/clonehero_Data/MonoBleedingEdge/x86_64/libsteam_api.so
Fallback handler could not load library /home/spencer/games/clone-hero/clonehero_Data/MonoBleedingEdge/x86_64/libsteam_api.so
Fallback handler could not load library /home/spencer/games/clone-hero/clonehero_Data/MonoBleedingEdge/x86_64/libsteam_api
Fallback handler could not load library /home/spencer/games/clone-hero/clonehero_Data/MonoBleedingEdge/x86_64/libsteam_api
Fallback handler could not load library /home/spencer/games/clone-hero/clonehero_Data/MonoBleedingEdge/x86_64/libsteam_api.so
Fallback handler could not load library /home/spencer/games/clone-hero/clonehero_Data/MonoBleedingEdge/x86_64/libsteam_api.so
Fallback handler could not load library /home/spencer/games/clone-hero/clonehero_Data/MonoBleedingEdge/x86_64/libsteam_api
Bass: 2.4.16.7 BassFx: 2.4.12.6 BassMix: 2.4.11.2
WASAPI
Starting video thumbs
[2025-04-19T17:24:36.290-06:00] [Assets\Scripts\StrikeCore\Settings.cs:329:Load] [Info] Writing default config /home/spencer/.clonehero/Custom/Colors/DefaultColors.ini
Biology
Coalescence & Segmentation
Combat Mosh
Crumbling Castle
Embrace
Enact the Ending (2023 Redux)
Flamewall
Gone (feat. Rasmus Bom Andersen)
Good Grief Retreat
Moonhunter
No Known Suspects
Revenge
Stigma
Stop Saying We Sound Like Dragonforce
The Palace of the Kantus
<Missing i18n Resource>: StrikeLine Base Red :en
Troopers of the Stars
i ws nvr yr grlfrnd
Setting up 8 worker threads for Enlighten.
requesting resize 1920 x 1080
Using native desktop resolution 1920 x 1080
requesting fullscreen 1920 x 1080 at 0 Hz
Desktop is 1920 x 1080 @ 165 Hz
Unloading 44 unused Assets to reduce memory usage. Loaded Objects now: 23579.
Total: 15.657164 ms (FindLiveObjects: 1.183411 ms CreateObjectMapping: 0.146380 ms MarkObjects: 14.252063 ms  DeleteObjects: 0.074810 ms)

download source.txt
download source.txt finished
<Missing i18n Resource>: Players:en
<Missing i18n Resource>: Assigned Controllers:en
<Missing i18n Resource>: (auto)CymExt1:en
<Missing i18n Resource>: (auto)CymExt2:en
<Missing i18n Resource>: Redux60RGB ANSI (VIAL_DO6N):en
<Missing i18n Resource>: A:en
<Missing i18n Resource>: S:en
<Missing i18n Resource>: J:en
<Missing i18n Resource>: K:en
<Missing i18n Resource>: L:en
<Missing i18n Resource>: Up Arrow:en
<Missing i18n Resource>: H:en
<Missing i18n Resource>: Space:en
<Missing i18n Resource>: Down Arrow:en
<Missing i18n Resource>: Return:en
<Missing i18n Resource>: ;:en
<Missing i18n Resource>: Right Arrow:en
<Missing i18n Resource>: Left Arrow:en
<Missing i18n Resource>: Axis 0:en
<Missing i18n Resource>: Axis 1:en
<Missing i18n Resource>: Axis 2:en
<Missing i18n Resource>: Axis 3:en
<Missing i18n Resource>: Axis 4:en
<Missing i18n Resource>: Axis 5:en
<Missing i18n Resource>: Axis 6:en
<Missing i18n Resource>: Axis 7:en
<Missing i18n Resource>: Axis 8:en
<Missing i18n Resource>: Axis 9:en
<Missing i18n Resource>: Axis 10:en
<Missing i18n Resource>: Axis 11:en
<Missing i18n Resource>: Axis 12:en
<Missing i18n Resource>: Axis 13:en
<Missing i18n Resource>: Axis 14:en
<Missing i18n Resource>: Axis 15:en
<Missing i18n Resource>: Axis 16:en
<Missing i18n Resource>: Axis 17:en
<Missing i18n Resource>: Axis 18:en
<Missing i18n Resource>: Axis 19:en
<Missing i18n Resource>: Axis 20:en
<Missing i18n Resource>: Axis 21:en
<Missing i18n Resource>: Axis 22:en
<Missing i18n Resource>: Axis 23:en
<Missing i18n Resource>: Axis 24:en
<Missing i18n Resource>: Axis 25:en
<Missing i18n Resource>: Axis 26:en
<Missing i18n Resource>: Axis 27:en
<Missing i18n Resource>: Axis 28:en
<Missing i18n Resource>: Axis 29:en
<Missing i18n Resource>: Axis 30:en
<Missing i18n Resource>: Axis 31:en
Unloading 5 Unused Serialized files (Serialized files now loaded: 0)
UnloadTime: 19.441175 ms
Loading Song: Fox Vibes - Biology
Unloading 1780 unused Assets to reduce memory usage. Loaded Objects now: 16742.
Total: 27.149397 ms (FindLiveObjects: 0.885570 ms CreateObjectMapping: 0.213880 ms MarkObjects: 25.105227 ms  DeleteObjects: 0.944070 ms)

<Missing i18n Resource>: Current Section::en
Unloading 5 Unused Serialized files (Serialized files now loaded: 0)
UnloadTime: 6.553902 ms
Unloading 605 unused Assets to reduce memory usage. Loaded Objects now: 23604.
Total: 38.432770 ms (FindLiveObjects: 1.206791 ms CreateObjectMapping: 0.153860 ms MarkObjects: 36.323659 ms  DeleteObjects: 0.747980 ms)

Unloading 5 Unused Serialized files (Serialized files now loaded: 0)
UnloadTime: 16.808444 ms
Loading Song: Belvedere - Good Grief Retreat
Returned missing glyphs are correct.
Unloading 668 unused Assets to reduce memory usage. Loaded Objects now: 16752.
Total: 16.433094 ms (FindLiveObjects: 0.639770 ms CreateObjectMapping: 0.152750 ms MarkObjects: 15.360544 ms  DeleteObjects: 0.279650 ms)

Unloading 5 Unused Serialized files (Serialized files now loaded: 0)
UnloadTime: 5.898222 ms
Unloading 605 unused Assets to reduce memory usage. Loaded Objects now: 23607.
Total: 24.901477 ms (FindLiveObjects: 1.160521 ms CreateObjectMapping: 0.156230 ms MarkObjects: 22.328975 ms  DeleteObjects: 1.255221 ms)

<Missing i18n Resource>: Backspace:en
<Missing i18n Resource>: 1:en
<Missing i18n Resource>: 2:en
<Missing i18n Resource>: 3:en
<Missing i18n Resource>: 4:en
<Missing i18n Resource>: 5:en
<Missing i18n Resource>: ]:en
<Missing i18n Resource>: [:en
Unloading 5 Unused Serialized files (Serialized files now loaded: 0)
UnloadTime: 16.303204 ms
Loading Song: King Gizzard & the Lizard Wizard - Crumbling Castle
Returned missing glyphs are correct.
Unloading 664 unused Assets to reduce memory usage. Loaded Objects now: 16757.
Total: 30.945088 ms (FindLiveObjects: 0.783221 ms CreateObjectMapping: 0.128840 ms MarkObjects: 29.736937 ms  DeleteObjects: 0.295610 ms)

Unloading 5 Unused Serialized files (Serialized files now loaded: 0)
UnloadTime: 5.985811 ms
Unloading 605 unused Assets to reduce memory usage. Loaded Objects now: 23612.
Total: 37.816200 ms (FindLiveObjects: 1.297570 ms CreateObjectMapping: 0.163740 ms MarkObjects: 35.587569 ms  DeleteObjects: 0.766651 ms)

Unloading 5 Unused Serialized files (Serialized files now loaded: 0)
UnloadTime: 16.005324 ms
Loading Song: King Gizzard & the Lizard Wizard - Crumbling Castle
Returned missing glyphs are correct.
Unloading 666 unused Assets to reduce memory usage. Loaded Objects now: 16760.
Total: 29.310628 ms (FindLiveObjects: 0.745241 ms CreateObjectMapping: 0.127730 ms MarkObjects: 28.067537 ms  DeleteObjects: 0.369600 ms)

Unloading 5 Unused Serialized files (Serialized files now loaded: 0)
UnloadTime: 6.667871 ms
Unloading 605 unused Assets to reduce memory usage. Loaded Objects now: 23615.
Total: 36.879310 ms (FindLiveObjects: 1.221380 ms CreateObjectMapping: 0.168720 ms MarkObjects: 34.790009 ms  DeleteObjects: 0.698661 ms)

Unloading 5 Unused Serialized files (Serialized files now loaded: 0)
UnloadTime: 15.859124 ms
Loading Song: Lich King - Combat Mosh
Returned missing glyphs are correct.
Unloading 666 unused Assets to reduce memory usage. Loaded Objects now: 16763.
Total: 30.533038 ms (FindLiveObjects: 0.651080 ms CreateObjectMapping: 0.145440 ms MarkObjects: 29.439588 ms  DeleteObjects: 0.296590 ms)

Unloading 5 Unused Serialized files (Serialized files now loaded: 0)
UnloadTime: 6.053672 ms
Unloading 605 unused Assets to reduce memory usage. Loaded Objects now: 23618.
Total: 38.803880 ms (FindLiveObjects: 1.300840 ms CreateObjectMapping: 0.168130 ms MarkObjects: 36.582560 ms  DeleteObjects: 0.751780 ms)

<Missing i18n Resource>: D:en
<Missing i18n Resource>: F:en
<Missing i18n Resource>: G:en
Unloading 5 Unused Serialized files (Serialized files now loaded: 0)
UnloadTime: 16.086444 ms
Loading Song: Lich King - Combat Mosh
Returned missing glyphs are correct.
Unloading 666 unused Assets to reduce memory usage. Loaded Objects now: 16766.
Total: 29.820148 ms (FindLiveObjects: 0.608730 ms CreateObjectMapping: 0.132481 ms MarkObjects: 28.704147 ms  DeleteObjects: 0.374400 ms)

Unloading 6 Unused Serialized files (Serialized files now loaded: 0)
UnloadTime: 5.159861 ms
<Missing i18n Resource>: Ghost Inputs:en
Unloading 602 unused Assets to reduce memory usage. Loaded Objects now: 10130.
Total: 31.420998 ms (FindLiveObjects: 0.505470 ms CreateObjectMapping: 0.153630 ms MarkObjects: 30.057368 ms  DeleteObjects: 0.704060 ms)

Unloading 5 Unused Serialized files (Serialized files now loaded: 0)
UnloadTime: 6.315901 ms
Unloading 21 unused Assets to reduce memory usage. Loaded Objects now: 24396.
Total: 38.235050 ms (FindLiveObjects: 1.176570 ms CreateObjectMapping: 0.145950 ms MarkObjects: 36.855000 ms  DeleteObjects: 0.056960 ms)

Could not open file /home/spencer/games/clone-hero/clonehero_Data/sharedassets2.assets for read
Failed to load '/home/spencer/games/clone-hero/clonehero_Data/sharedassets2.assets'. File may be corrupted or was serialized with a newer version of Unity.
Could not open file /home/spencer/games/clone-hero/clonehero_Data/level2 for read
Unknown error occurred while loading '/home/spencer/games/clone-hero/clonehero_Data/level2'.
Could not open file /home/spencer/games/clone-hero/clonehero_Data/level2 for read
Failed to load '/home/spencer/games/clone-hero/clonehero_Data/level2'. File may be corrupted or was serialized with a newer version of Unity.
Could not open file /home/spencer/games/clone-hero/clonehero_Data/sharedassets2.assets for read
Unknown error occurred while loading '/home/spencer/games/clone-hero/clonehero_Data/sharedassets2.assets'.
Could not open file /home/spencer/games/clone-hero/clonehero_Data/level2 for read
Failed to load '/home/spencer/games/clone-hero/clonehero_Data/level2'. File may be corrupted or was serialized with a newer version of Unity.
Could not open file /home/spencer/games/clone-hero/clonehero_Data/level2 for read
Unknown error occurred while loading '/home/spencer/games/clone-hero/clonehero_Data/level2'.
Unloading 0 Unused Serialized files (Serialized files now loaded: 0)
UnloadTime: 13.441953 ms
Unloading 63 unused Assets to reduce memory usage. Loaded Objects now: 4470.
Total: 34.263099 ms (FindLiveObjects: 0.263950 ms CreateObjectMapping: 0.080910 ms MarkObjects: 33.830919 ms  DeleteObjects: 0.086480 ms)

Disposed of memorymapped file
Disposed of memorymapped file
Disposed of memorymapped file
Disposed of memorymapped file
Disposed of memorymapped file
Disposed of memorymapped file
Disposed of memorymapped file
Disposed of memorymapped file
Disposed of memorymapped file
Disposed of memorymapped file
Disposed of memorymapped file
Disposed of memorymapped file
Disposed of memorymapped file
Disposed of memorymapped file
Disposed of memorymapped file
Disposed of memorymapped file
Disposed of memorymapped file
Curl error 42: Callback aborted
Memory Statistics:
[ALLOC_TEMP_TLS] TLS Allocator
  StackAllocators : 
    [ALLOC_TEMP_MAIN]
      Peak usage frame count: [0-1.0 KB]: 10296 frames, [2.0 KB-4.0 KB]: 203765 frames, [4.0 KB-8.0 KB]: 309 frames, [8.0 KB-16.0 KB]: 95 frames, [16.0 KB-32.0 KB]: 82533 frames, [32.0 KB-64.0 KB]: 1761 frames, [64.0 KB-128.0 KB]: 26 frames, [128.0 KB-256.0 KB]: 3 frames, [256.0 KB-0.5 MB]: 10 frames, [0.5 MB-1.0 MB]: 1 frames, [1.0 MB-2.0 MB]: 7 frames, [2.0 MB-4.0 MB]: 8 frames
      Initial Block Size 4.0 MB
      Current Block Size 4.0 MB
      Peak Allocated Bytes 2.6 MB
      Overflow Count 0
    [ALLOC_TEMP_Loading.AsyncRead]
      Initial Block Size 64.0 KB
      Current Block Size 64.0 KB
      Peak Allocated Bytes 192 B
      Overflow Count 0
    [ALLOC_TEMP_Loading.PreloadManager]
      Initial Block Size 256.0 KB
      Current Block Size 504.0 KB
      Peak Allocated Bytes 313.2 KB
      Overflow Count 74
    [ALLOC_TEMP_Background Job.Worker 8]
      Initial Block Size 32.0 KB
      Current Block Size 32.0 KB
      Peak Allocated Bytes 66 B
      Overflow Count 0
    [ALLOC_TEMP_Job.Worker 6]
      Initial Block Size 256.0 KB
      Current Block Size 256.0 KB
      Peak Allocated Bytes 87.9 KB
      Overflow Count 0
    [ALLOC_TEMP_Job.Worker 0]
      Initial Block Size 256.0 KB
      Current Block Size 256.0 KB
      Peak Allocated Bytes 87.9 KB
      Overflow Count 0
    [ALLOC_TEMP_Background Job.Worker 10]
      Initial Block Size 32.0 KB
      Current Block Size 32.0 KB
      Peak Allocated Bytes 66 B
      Overflow Count 0
    [ALLOC_TEMP_Background Job.Worker 9]
      Initial Block Size 32.0 KB
      Current Block Size 32.0 KB
      Peak Allocated Bytes 66 B
      Overflow Count 0
    [ALLOC_TEMP_Job.Worker 5]
      Initial Block Size 256.0 KB
      Current Block Size 256.0 KB
      Peak Allocated Bytes 87.9 KB
      Overflow Count 0
    [ALLOC_TEMP_Background Job.Worker 14]
      Initial Block Size 32.0 KB
      Current Block Size 32.0 KB
      Peak Allocated Bytes 66 B
      Overflow Count 0
    [ALLOC_TEMP_Background Job.Worker 6]
      Initial Block Size 32.0 KB
      Current Block Size 32.0 KB
      Peak Allocated Bytes 66 B
      Overflow Count 0
    [ALLOC_TEMP_Job.Worker 4]
      Initial Block Size 256.0 KB
      Current Block Size 256.0 KB
      Peak Allocated Bytes 87.9 KB
      Overflow Count 0
    [ALLOC_TEMP_Job.Worker 14]
      Initial Block Size 256.0 KB
      Current Block Size 256.0 KB
      Peak Allocated Bytes 87.9 KB
      Overflow Count 0
    [ALLOC_TEMP_Job.Worker 3]
      Initial Block Size 256.0 KB
      Current Block Size 256.0 KB
      Peak Allocated Bytes 87.9 KB
      Overflow Count 0
    [ALLOC_TEMP_Job.Worker 13]
      Initial Block Size 256.0 KB
      Current Block Size 256.0 KB
      Peak Allocated Bytes 87.9 KB
      Overflow Count 0
    [ALLOC_TEMP_Background Job.Worker 12]
      Initial Block Size 32.0 KB
      Current Block Size 32.0 KB
      Peak Allocated Bytes 66 B
      Overflow Count 0
    [ALLOC_TEMP_EnlightenWorker] x 8
      Initial Block Size 64.0 KB
      Current Block Size 64.0 KB
      Peak Allocated Bytes 0 B
      Overflow Count 0
    [ALLOC_TEMP_Background Job.Worker 15]
      Initial Block Size 32.0 KB
      Current Block Size 32.0 KB
      Peak Allocated Bytes 66 B
      Overflow Count 0
    [ALLOC_TEMP_Background Job.Worker 1]
      Initial Block Size 32.0 KB
      Current Block Size 32.0 KB
      Peak Allocated Bytes 66 B
      Overflow Count 0
    [ALLOC_TEMP_Background Job.Worker 2]
      Initial Block Size 32.0 KB
      Current Block Size 32.0 KB
      Peak Allocated Bytes 66 B
      Overflow Count 0
    [ALLOC_TEMP_Background Job.Worker 7]
      Initial Block Size 32.0 KB
      Current Block Size 32.0 KB
      Peak Allocated Bytes 66 B
      Overflow Count 0
    [ALLOC_TEMP_UnityGfxDeviceWorker]
      Initial Block Size 256.0 KB
      Current Block Size 256.0 KB
      Peak Allocated Bytes 61.3 KB
      Overflow Count 0
    [ALLOC_TEMP_AssetGarbageCollectorHelper] x 15
      Initial Block Size 64.0 KB
      Current Block Size 64.0 KB
      Peak Allocated Bytes 0 B
      Overflow Count 0
    [ALLOC_TEMP_Background Job.Worker 5]
      Initial Block Size 32.0 KB
      Current Block Size 32.0 KB
      Peak Allocated Bytes 66 B
      Overflow Count 0
    [ALLOC_TEMP_Job.Worker 9]
      Initial Block Size 256.0 KB
      Current Block Size 256.0 KB
      Peak Allocated Bytes 87.9 KB
      Overflow Count 0
    [ALLOC_TEMP_Background Job.Worker 13]
      Initial Block Size 32.0 KB
      Current Block Size 32.0 KB
      Peak Allocated Bytes 66 B
      Overflow Count 0
    [ALLOC_TEMP_Job.Worker 8]
      Initial Block Size 256.0 KB
      Current Block Size 256.0 KB
      Peak Allocated Bytes 87.9 KB
      Overflow Count 0
    [ALLOC_TEMP_Job.Worker 7]
      Initial Block Size 256.0 KB
      Current Block Size 256.0 KB
      Peak Allocated Bytes 87.9 KB
      Overflow Count 0
    [ALLOC_TEMP_Job.Worker 1]
      Initial Block Size 256.0 KB
      Current Block Size 256.0 KB
      Peak Allocated Bytes 87.9 KB
      Overflow Count 0
    [ALLOC_TEMP_Job.Worker 2]
      Initial Block Size 256.0 KB
      Current Block Size 256.0 KB
      Peak Allocated Bytes 87.9 KB
      Overflow Count 0
    [ALLOC_TEMP_Background Job.Worker 3]
      Initial Block Size 32.0 KB
      Current Block Size 32.0 KB
      Peak Allocated Bytes 0 B
      Overflow Count 0
    [ALLOC_TEMP_Background Job.Worker 11]
      Initial Block Size 32.0 KB
      Current Block Size 32.0 KB
      Peak Allocated Bytes 66 B
      Overflow Count 0
    [ALLOC_TEMP_Job.Worker 10]
      Initial Block Size 256.0 KB
      Current Block Size 256.0 KB
      Peak Allocated Bytes 87.9 KB
      Overflow Count 0
    [ALLOC_TEMP_Background Job.Worker 0]
      Initial Block Size 32.0 KB
      Current Block Size 32.0 KB
      Peak Allocated Bytes 114 B
      Overflow Count 1
    [ALLOC_TEMP_CloudJob.Worker 0]
      Initial Block Size 32.0 KB
      Current Block Size 32.0 KB
      Peak Allocated Bytes 6.3 KB
      Overflow Count 0
    [ALLOC_TEMP_Job.Worker 11]
      Initial Block Size 256.0 KB
      Current Block Size 256.0 KB
      Peak Allocated Bytes 87.9 KB
      Overflow Count 0
    [ALLOC_TEMP_Job.Worker 12]
      Initial Block Size 256.0 KB
      Current Block Size 256.0 KB
      Peak Allocated Bytes 87.9 KB
      Overflow Count 0
    [ALLOC_TEMP_Background Job.Worker 4]
      Initial Block Size 32.0 KB
      Current Block Size 32.0 KB
      Peak Allocated Bytes 66 B
      Overflow Count 0
    [ALLOC_TEMP_BatchDeleteObjects]
      Initial Block Size 64.0 KB
      Current Block Size 64.0 KB
      Peak Allocated Bytes 0 B
      Overflow Count 0
[ALLOC_DEFAULT] Dual Thread Allocator
  Peak main deferred allocation count 9148
    [ALLOC_BUCKET]
      Large Block size 4.0 MB
      Used Block count 1
      Peak Allocated bytes 4.0 MB
      Failed Allocations. Bucket layout:
        16B: 17 Subsections = 17408 buckets. Failed count: 178528
        32B: 21 Subsections = 10752 buckets. Failed count: 135765
        48B: 37 Subsections = 12629 buckets. Failed count: 8213486
        64B: 94 Subsections = 24064 buckets. Failed count: 52475
        80B: 29 Subsections = 5939 buckets. Failed count: 6354
        96B: 6 Subsections = 1024 buckets. Failed count: 370045
        112B: 8 Subsections = 1170 buckets. Failed count: 27408
        128B: 44 Subsections = 5632 buckets. Failed count: 369604
    [ALLOC_DEFAULT_MAIN]
      Peak usage frame count: [8.0 MB-16.0 MB]: 7284 frames, [16.0 MB-32.0 MB]: 291530 frames
      Requested Block Size 16.0 MB
      Peak Block count 2
      Peak Allocated memory 27.3 MB
      Peak Large allocation bytes 0 B
    [ALLOC_DEFAULT_THREAD]
      Peak usage frame count: [8.0 MB-16.0 MB]: 7253 frames, [16.0 MB-32.0 MB]: 19068 frames, [32.0 MB-64.0 MB]: 272493 frames
      Requested Block Size 16.0 MB
      Peak Block count 4
      Peak Allocated memory 59.5 MB
      Peak Large allocation bytes 16.0 MB
[ALLOC_TEMP_JOB_1_FRAME]
  Initial Block Size 2.0 MB
  Used Block Count 1
  Overflow Count (too large) 0
  Overflow Count (full) 0
[ALLOC_TEMP_JOB_2_FRAMES]
  Initial Block Size 2.0 MB
  Used Block Count 1
  Overflow Count (too large) 0
  Overflow Count (full) 0
[ALLOC_TEMP_JOB_4_FRAMES (JobTemp)]
  Initial Block Size 2.0 MB
  Used Block Count 2
  Overflow Count (too large) 0
  Overflow Count (full) 0
[ALLOC_TEMP_JOB_ASYNC (Background)]
  Initial Block Size 1.0 MB
  Used Block Count 3
  Overflow Count (too large) 0
  Overflow Count (full) 0
[ALLOC_GFX] Dual Thread Allocator
  Peak main deferred allocation count 301
    [ALLOC_BUCKET]
      Large Block size 4.0 MB
      Used Block count 1
      Peak Allocated bytes 4.0 MB
      Failed Allocations. Bucket layout:
        16B: 17 Subsections = 17408 buckets. Failed count: 178528
        32B: 21 Subsections = 10752 buckets. Failed count: 135765
        48B: 37 Subsections = 12629 buckets. Failed count: 8213486
        64B: 94 Subsections = 24064 buckets. Failed count: 52475
        80B: 29 Subsections = 5939 buckets. Failed count: 6354
        96B: 6 Subsections = 1024 buckets. Failed count: 370045
        112B: 8 Subsections = 1170 buckets. Failed count: 27408
        128B: 44 Subsections = 5632 buckets. Failed count: 369604
    [ALLOC_GFX_MAIN]
      Peak usage frame count: [32.0 KB-64.0 KB]: 7643 frames, [256.0 KB-0.5 MB]: 1 frames, [4.0 MB-8.0 MB]: 1 frames, [8.0 MB-16.0 MB]: 49014 frames, [16.0 MB-32.0 MB]: 242155 frames
      Requested Block Size 16.0 MB
      Peak Block count 3
      Peak Allocated memory 24.3 MB
      Peak Large allocation bytes 0 B
    [ALLOC_GFX_THREAD]
      Peak usage frame count: [8.0 MB-16.0 MB]: 7273 frames, [32.0 MB-64.0 MB]: 291541 frames
      Requested Block Size 16.0 MB
      Peak Block count 3
      Peak Allocated memory 41.1 MB
      Peak Large allocation bytes 0 B
[ALLOC_CACHEOBJECTS] Dual Thread Allocator
  Peak main deferred allocation count 621
    [ALLOC_BUCKET]
      Large Block size 4.0 MB
      Used Block count 1
      Peak Allocated bytes 4.0 MB
      Failed Allocations. Bucket layout:
        16B: 17 Subsections = 17408 buckets. Failed count: 178528
        32B: 21 Subsections = 10752 buckets. Failed count: 135765
        48B: 37 Subsections = 12629 buckets. Failed count: 8213486
        64B: 94 Subsections = 24064 buckets. Failed count: 52475
        80B: 29 Subsections = 5939 buckets. Failed count: 6354
        96B: 6 Subsections = 1024 buckets. Failed count: 370045
        112B: 8 Subsections = 1170 buckets. Failed count: 27408
        128B: 44 Subsections = 5632 buckets. Failed count: 369604
    [ALLOC_CACHEOBJECTS_MAIN]
      Peak usage frame count: [2.0 MB-4.0 MB]: 298814 frames
      Requested Block Size 4.0 MB
      Peak Block count 2
      Peak Allocated memory 3.7 MB
      Peak Large allocation bytes 0 B
    [ALLOC_CACHEOBJECTS_THREAD]
      Peak usage frame count: [32.0 MB-64.0 MB]: 7275 frames, [64.0 MB-128.0 MB]: 291539 frames
      Requested Block Size 4.0 MB
      Peak Block count 5
      Peak Allocated memory 83.9 MB
      Peak Large allocation bytes 67.4 MB
[ALLOC_TYPETREE] Dual Thread Allocator
  Peak main deferred allocation count 0
    [ALLOC_BUCKET]
      Large Block size 4.0 MB
      Used Block count 1
      Peak Allocated bytes 4.0 MB
      Failed Allocations. Bucket layout:
        16B: 17 Subsections = 17408 buckets. Failed count: 178528
        32B: 21 Subsections = 10752 buckets. Failed count: 135765
        48B: 37 Subsections = 12629 buckets. Failed count: 8213486
        64B: 94 Subsections = 24064 buckets. Failed count: 52475
        80B: 29 Subsections = 5939 buckets. Failed count: 6354
        96B: 6 Subsections = 1024 buckets. Failed count: 370045
        112B: 8 Subsections = 1170 buckets. Failed count: 27408
        128B: 44 Subsections = 5632 buckets. Failed count: 369604
    [ALLOC_TYPETREE_MAIN]
      Peak usage frame count: [0-1.0 KB]: 7645 frames, [4.0 KB-8.0 KB]: 31748 frames, [16.0 KB-32.0 KB]: 259421 frames
      Requested Block Size 2.0 MB
      Peak Block count 1
      Peak Allocated memory 24.3 KB
      Peak Large allocation bytes 0 B
    [ALLOC_TYPETREE_THREAD]
      Peak usage frame count: [256.0 KB-0.5 MB]: 298814 frames
      Requested Block Size 2.0 MB
      Peak Block count 1
      Peak Allocated memory 314.4 KB
      Peak Large allocation bytes 0 B
